2017-10-13 13:59:02,348 INFO (SpringApplication.java:593)- No active profile set, falling back to default profiles: default
2017-10-13 13:59:04,033 DEBUG (MybatisAutoConfiguration.java:184)- Searching for mappers annotated with @Mapper
2017-10-13 13:59:04,034 DEBUG (MybatisAutoConfiguration.java:196)- Using auto-configuration base package 'com.example.demo'
2017-10-13 13:59:04,039 DEBUG (ClassPathScanningCandidateComponentProvider.java:294)- Identified candidate component class: file [E:\workspace\demo\target\classes\com\example\demo\mapper\UserInfoMapper.class]
2017-10-13 13:59:04,040 DEBUG (ClassPathMapperScanner.java:180)- Creating MapperFactoryBean with name 'userInfoMapper' and 'com.example.demo.mapper.UserInfoMapper' mapperInterface
2017-10-13 13:59:04,040 DEBUG (ClassPathMapperScanner.java:216)- Enabling autowire by type for MapperFactoryBean with name 'userInfoMapper'.
2017-10-13 13:59:07,401 DEBUG (SqlSessionFactoryBean.java:437)- Scanned package: 'com.example.demo.pojo' for aliases
2017-10-13 13:59:07,600 DEBUG (SqlSessionFactoryBean.java:529)- Parsed mapper file: 'file [E:\workspace\demo\target\classes\mapper\mysql\UserInfoMapper.xml]'
2017-10-13 13:59:07,668 INFO (MyBatisConfiguration.java:25)- 注册MyBatis分页插件PageHelper
2017-10-13 14:16:18,656 INFO (SpringApplication.java:593)- No active profile set, falling back to default profiles: default
2017-10-13 14:16:20,659 DEBUG (MybatisAutoConfiguration.java:184)- Searching for mappers annotated with @Mapper
2017-10-13 14:16:20,660 DEBUG (MybatisAutoConfiguration.java:196)- Using auto-configuration base package 'com.example.demo'
2017-10-13 14:16:20,667 DEBUG (ClassPathScanningCandidateComponentProvider.java:294)- Identified candidate component class: file [E:\workspace\demo\target\classes\com\example\demo\mapper\UserInfoMapper.class]
2017-10-13 14:16:20,668 DEBUG (ClassPathMapperScanner.java:180)- Creating MapperFactoryBean with name 'userInfoMapper' and 'com.example.demo.mapper.UserInfoMapper' mapperInterface
2017-10-13 14:16:20,668 DEBUG (ClassPathMapperScanner.java:216)- Enabling autowire by type for MapperFactoryBean with name 'userInfoMapper'.
2017-10-13 14:16:24,006 DEBUG (SqlSessionFactoryBean.java:437)- Scanned package: 'com.example.demo.pojo' for aliases
2017-10-13 14:16:24,312 DEBUG (SqlSessionFactoryBean.java:529)- Parsed mapper file: 'file [E:\workspace\demo\target\classes\mapper\mysql\UserInfoMapper.xml]'
2017-10-13 14:16:24,362 INFO (MyBatisConfiguration.java:25)- 注册MyBatis分页插件PageHelper
2017-10-13 14:16:25,989 DEBUG (MybatisAutoConfiguration.java:234)- No org.mybatis.spring.mapper.MapperFactoryBean found.
2017-10-13 14:16:30,272 INFO (SpringApplication.java:593)- No active profile set, falling back to default profiles: default
2017-10-13 14:16:30,374 INFO (StartupInfoLogger.java:57)- Started DemoApplication in 1.248 seconds (JVM running for 18.714)
2017-10-13 14:24:46,021 INFO (SpringApplication.java:593)- No active profile set, falling back to default profiles: default
2017-10-13 14:24:46,717 DEBUG (MybatisAutoConfiguration.java:184)- Searching for mappers annotated with @Mapper
2017-10-13 14:24:46,719 DEBUG (MybatisAutoConfiguration.java:196)- Using auto-configuration base package 'com.example.demo'
2017-10-13 14:24:46,723 DEBUG (ClassPathScanningCandidateComponentProvider.java:294)- Identified candidate component class: file [E:\workspace\demo\target\classes\com\example\demo\mapper\UserInfoMapper.class]
2017-10-13 14:24:46,724 DEBUG (ClassPathMapperScanner.java:180)- Creating MapperFactoryBean with name 'userInfoMapper' and 'com.example.demo.mapper.UserInfoMapper' mapperInterface
2017-10-13 14:24:46,724 DEBUG (ClassPathMapperScanner.java:216)- Enabling autowire by type for MapperFactoryBean with name 'userInfoMapper'.
2017-10-13 14:24:48,859 DEBUG (SqlSessionFactoryBean.java:437)- Scanned package: 'com.example.demo.pojo' for aliases
2017-10-13 14:24:48,917 DEBUG (SqlSessionFactoryBean.java:529)- Parsed mapper file: 'file [E:\workspace\demo\target\classes\mapper\mysql\UserInfoMapper.xml]'
2017-10-13 14:24:48,954 INFO (MyBatisConfiguration.java:25)- 注册MyBatis分页插件PageHelper
2017-10-13 14:24:50,165 DEBUG (MybatisAutoConfiguration.java:234)- No org.mybatis.spring.mapper.MapperFactoryBean found.
2017-10-13 14:24:56,486 INFO (SpringApplication.java:593)- No active profile set, falling back to default profiles: default
2017-10-13 14:24:56,992 INFO (StartupInfoLogger.java:57)- Started DemoApplication in 1.597 seconds (JVM running for 14.098)
2017-10-13 14:25:53,573 INFO (SpringApplication.java:593)- No active profile set, falling back to default profiles: default
2017-10-13 14:25:54,596 DEBUG (MybatisAutoConfiguration.java:184)- Searching for mappers annotated with @Mapper
2017-10-13 14:25:54,598 DEBUG (MybatisAutoConfiguration.java:196)- Using auto-configuration base package 'com.example.demo'
2017-10-13 14:25:54,604 DEBUG (ClassPathScanningCandidateComponentProvider.java:294)- Identified candidate component class: file [E:\workspace\demo\target\classes\com\example\demo\mapper\UserInfoMapper.class]
2017-10-13 14:25:54,604 DEBUG (ClassPathMapperScanner.java:180)- Creating MapperFactoryBean with name 'userInfoMapper' and 'com.example.demo.mapper.UserInfoMapper' mapperInterface
2017-10-13 14:25:54,604 DEBUG (ClassPathMapperScanner.java:216)- Enabling autowire by type for MapperFactoryBean with name 'userInfoMapper'.
2017-10-13 14:25:58,119 DEBUG (SqlSessionFactoryBean.java:437)- Scanned package: 'com.example.demo.pojo' for aliases
2017-10-13 14:25:58,200 DEBUG (SqlSessionFactoryBean.java:529)- Parsed mapper file: 'file [E:\workspace\demo\target\classes\mapper\mysql\UserInfoMapper.xml]'
2017-10-13 14:25:58,246 INFO (MyBatisConfiguration.java:25)- 注册MyBatis分页插件PageHelper
2017-10-13 14:25:59,918 DEBUG (MybatisAutoConfiguration.java:234)- No org.mybatis.spring.mapper.MapperFactoryBean found.
2017-10-13 14:26:05,711 INFO (SpringApplication.java:593)- No active profile set, falling back to default profiles: default
2017-10-13 14:26:05,828 INFO (StartupInfoLogger.java:57)- Started DemoApplication in 3.236 seconds (JVM running for 15.604)
2017-10-13 14:26:18,048 INFO (StartupInfoLogger.java:57)- Started DemoApplication in 26.933 seconds (JVM running for 27.824)
2017-10-13 14:30:50,835 INFO (SpringApplication.java:593)- No active profile set, falling back to default profiles: default
2017-10-13 14:30:51,566 DEBUG (MybatisAutoConfiguration.java:184)- Searching for mappers annotated with @Mapper
2017-10-13 14:30:51,567 DEBUG (MybatisAutoConfiguration.java:196)- Using auto-configuration base package 'com.example.demo'
2017-10-13 14:30:51,573 DEBUG (ClassPathScanningCandidateComponentProvider.java:294)- Identified candidate component class: file [E:\workspace\demo\target\classes\com\example\demo\mapper\UserInfoMapper.class]
2017-10-13 14:30:51,574 DEBUG (ClassPathMapperScanner.java:180)- Creating MapperFactoryBean with name 'userInfoMapper' and 'com.example.demo.mapper.UserInfoMapper' mapperInterface
2017-10-13 14:30:51,574 DEBUG (ClassPathMapperScanner.java:216)- Enabling autowire by type for MapperFactoryBean with name 'userInfoMapper'.
2017-10-13 14:30:53,650 DEBUG (SqlSessionFactoryBean.java:437)- Scanned package: 'com.example.demo.pojo' for aliases
2017-10-13 14:30:53,718 DEBUG (SqlSessionFactoryBean.java:529)- Parsed mapper file: 'file [E:\workspace\demo\target\classes\mapper\mysql\UserInfoMapper.xml]'
2017-10-13 14:30:53,756 INFO (MyBatisConfiguration.java:25)- 注册MyBatis分页插件PageHelper
2017-10-13 14:51:53,104 INFO (SpringApplication.java:593)- No active profile set, falling back to default profiles: default
2017-10-13 14:51:53,846 DEBUG (MybatisAutoConfiguration.java:184)- Searching for mappers annotated with @Mapper
2017-10-13 14:51:53,847 DEBUG (MybatisAutoConfiguration.java:196)- Using auto-configuration base package 'com.example.demo'
2017-10-13 14:51:53,852 DEBUG (ClassPathScanningCandidateComponentProvider.java:294)- Identified candidate component class: file [E:\workspace\demo\target\classes\com\example\demo\mapper\UserInfoMapper.class]
2017-10-13 14:51:53,853 DEBUG (ClassPathMapperScanner.java:180)- Creating MapperFactoryBean with name 'userInfoMapper' and 'com.example.demo.mapper.UserInfoMapper' mapperInterface
2017-10-13 14:51:53,853 DEBUG (ClassPathMapperScanner.java:216)- Enabling autowire by type for MapperFactoryBean with name 'userInfoMapper'.
2017-10-13 14:51:55,875 DEBUG (SqlSessionFactoryBean.java:437)- Scanned package: 'com.example.demo.pojo' for aliases
2017-10-13 14:51:55,934 DEBUG (SqlSessionFactoryBean.java:529)- Parsed mapper file: 'file [E:\workspace\demo\target\classes\mapper\mysql\UserInfoMapper.xml]'
2017-10-13 14:51:55,970 INFO (MyBatisConfiguration.java:25)- 注册MyBatis分页插件PageHelper
2017-10-13 14:51:57,356 DEBUG (MybatisAutoConfiguration.java:234)- No org.mybatis.spring.mapper.MapperFactoryBean found.
2017-10-13 14:52:00,505 INFO (SpringApplication.java:593)- No active profile set, falling back to default profiles: default
2017-10-13 14:52:00,714 INFO (StartupInfoLogger.java:57)- Started DemoApplication in 1.224 seconds (JVM running for 10.694)
2017-10-13 14:52:15,746 INFO (StartupInfoLogger.java:57)- Started DemoApplication in 25.038 seconds (JVM running for 25.725)
